2025-06-09T16:46:56.822-04:00  INFO 5572 --- [alojamiento] [restartedMain] c.a.alojamiento.AlojamientoApplication   : Starting AlojamientoApplication using Java 21.0.1 with PID 5572 (D:\PrimerParcialSis414\alojamiento\build\classes\java\main started by HP in D:\PrimerParcialSis414)
2025-06-09T16:46:56.827-04:00  INFO 5572 --- [alojamiento] [restartedMain] c.a.alojamiento.AlojamientoApplication   : No active profile set, falling back to 1 default profile: "default"
2025-06-09T16:46:57.261-04:00  INFO 5572 --- [alojamiento] [restartedMain] .e.DevToolsPropertyDefaultsPostProcessor : Devtools property defaults active! Set 'spring.devtools.add-properties' to 'false' to disable
2025-06-09T16:46:57.262-04:00  INFO 5572 --- [alojamiento] [restartedMain] .e.DevToolsPropertyDefaultsPostProcessor : For additional web related logging consider setting the 'logging.level.web' property to 'DEBUG'
2025-06-09T16:47:01.811-04:00  INFO 5572 --- [alojamiento] [restartedMain] .s.d.r.c.RepositoryConfigurationDelegate : Bootstrapping Spring Data JPA repositories in DEFAULT mode.
2025-06-09T16:47:02.155-04:00  INFO 5572 --- [alojamiento] [restartedMain] .s.d.r.c.RepositoryConfigurationDelegate : Finished Spring Data repository scanning in 265 ms. Found 3 JPA repository interfaces.
2025-06-09T16:47:06.109-04:00  INFO 5572 --- [alojamiento] [restartedMain] o.s.b.w.embedded.tomcat.TomcatWebServer  : Tomcat initialized with port 8080 (http)
2025-06-09T16:47:06.187-04:00  INFO 5572 --- [alojamiento] [restartedMain] o.apache.catalina.core.StandardService   : Starting service [Tomcat]
2025-06-09T16:47:06.202-04:00  INFO 5572 --- [alojamiento] [restartedMain] o.apache.catalina.core.StandardEngine    : Starting Servlet engine: [Apache Tomcat/10.1.39]
2025-06-09T16:47:06.453-04:00  INFO 5572 --- [alojamiento] [restartedMain] o.a.c.c.C.[Tomcat].[localhost].[/]       : Initializing Spring embedded WebApplicationContext
2025-06-09T16:47:06.453-04:00  INFO 5572 --- [alojamiento] [restartedMain] w.s.c.ServletWebServerApplicationContext : Root WebApplicationContext: initialization completed in 9190 ms
2025-06-09T16:47:07.046-04:00  INFO 5572 --- [alojamiento] [restartedMain] o.hibernate.jpa.internal.util.LogHelper  : HHH000204: Processing PersistenceUnitInfo [name: default]
2025-06-09T16:47:07.515-04:00  INFO 5572 --- [alojamiento] [restartedMain] org.hibernate.Version                    : HHH000412: Hibernate ORM core version 6.6.11.Final
2025-06-09T16:47:07.984-04:00  INFO 5572 --- [alojamiento] [restartedMain] o.h.c.internal.RegionFactoryInitiator    : HHH000026: Second-level cache disabled
2025-06-09T16:47:08.984-04:00  INFO 5572 --- [alojamiento] [restartedMain] o.s.o.j.p.SpringPersistenceUnitInfo      : No LoadTimeWeaver setup: ignoring JPA class transformer
2025-06-09T16:47:09.188-04:00  INFO 5572 --- [alojamiento] [restartedMain] com.zaxxer.hikari.HikariDataSource       : HikariPool-1 - Starting...
2025-06-09T16:47:10.109-04:00  INFO 5572 --- [alojamiento] [restartedMain] com.zaxxer.hikari.pool.HikariPool        : HikariPool-1 - Added connection org.postgresql.jdbc.PgConnection@b597b8
2025-06-09T16:47:10.109-04:00  INFO 5572 --- [alojamiento] [restartedMain] com.zaxxer.hikari.HikariDataSource       : HikariPool-1 - Start completed.
2025-06-09T16:47:10.483-04:00  WARN 5572 --- [alojamiento] [restartedMain] org.hibernate.orm.deprecation            : HHH90000025: PostgreSQLDialect does not need to be specified explicitly using 'hibernate.dialect' (remove the property setting and it will be selected by default)
2025-06-09T16:47:10.600-04:00  INFO 5572 --- [alojamiento] [restartedMain] org.hibernate.orm.connections.pooling    : HHH10001005: Database info:
	Database JDBC URL [Connecting through datasource 'HikariDataSource (HikariPool-1)']
	Database driver: undefined/unknown
	Database version: 16.9
	Autocommit mode: undefined/unknown
	Isolation level: undefined/unknown
	Minimum pool size: undefined/unknown
	Maximum pool size: undefined/unknown
2025-06-09T16:47:13.021-04:00  INFO 5572 --- [alojamiento] [restartedMain] o.h.e.t.j.p.i.JtaPlatformInitiator       : HHH000489: No JTA platform available (set 'hibernate.transaction.jta.platform' to enable JTA platform integration)
2025-06-09T16:47:14.366-04:00  WARN 5572 --- [alojamiento] [restartedMain] o.h.engine.jdbc.spi.SqlExceptionHelper   : SQL Warning Code: 0, SQLState: 00000
2025-06-09T16:47:14.366-04:00  WARN 5572 --- [alojamiento] [restartedMain] o.h.engine.jdbc.spi.SqlExceptionHelper   : no existe la restricción «ukcmxo70m08n43599l3h0h07cc6» en la relación «cliente», omitiendo
2025-06-09T16:47:14.475-04:00  INFO 5572 --- [alojamiento] [restartedMain] j.LocalContainerEntityManagerFactoryBean : Initialized JPA EntityManagerFactory for persistence unit 'default'
2025-06-09T16:47:15.674-04:00  INFO 5572 --- [alojamiento] [restartedMain] r$InitializeUserDetailsManagerConfigurer : Global AuthenticationManager configured with UserDetailsService bean with name userDetailsService
2025-06-09T16:47:16.111-04:00  WARN 5572 --- [alojamiento] [restartedMain] JpaBaseConfiguration$JpaWebConfiguration : spring.jpa.open-in-view is enabled by default. Therefore, database queries may be performed during view rendering. Explicitly configure spring.jpa.open-in-view to disable this warning
2025-06-09T16:47:16.442-04:00  INFO 5572 --- [alojamiento] [restartedMain] o.s.b.a.w.s.WelcomePageHandlerMapping    : Adding welcome page: class path resource [static/index.html]
2025-06-09T16:47:17.034-04:00  INFO 5572 --- [alojamiento] [restartedMain] o.s.v.b.OptionalValidatorFactoryBean     : Failed to set up a Bean Validation provider: jakarta.validation.NoProviderFoundException: Unable to create a Configuration, because no Jakarta Bean Validation provider could be found. Add a provider like Hibernate Validator (RI) to your classpath.
2025-06-09T16:47:17.534-04:00  INFO 5572 --- [alojamiento] [restartedMain] o.s.b.a.h2.H2ConsoleAutoConfiguration    : H2 console available at '/h2-console'. Database available at 'jdbc:postgresql://localhost:5432/alojamiento'
2025-06-09T16:47:17.808-04:00  INFO 5572 --- [alojamiento] [restartedMain] o.s.b.d.a.OptionalLiveReloadServer       : LiveReload server is running on port 35729
2025-06-09T16:47:18.152-04:00  INFO 5572 --- [alojamiento] [restartedMain] o.s.b.w.embedded.tomcat.TomcatWebServer  : Tomcat started on port 8080 (http) with context path '/'
2025-06-09T16:47:18.184-04:00  INFO 5572 --- [alojamiento] [restartedMain] c.a.alojamiento.AlojamientoApplication   : Started AlojamientoApplication in 23.497 seconds (process running for 25.941)
2025-06-09T16:47:39.707-04:00  INFO 5572 --- [alojamiento] [http-nio-8080-exec-1] o.a.c.c.C.[Tomcat].[localhost].[/]       : Initializing Spring DispatcherServlet 'dispatcherServlet'
2025-06-09T16:47:39.708-04:00  INFO 5572 --- [alojamiento] [http-nio-8080-exec-1] o.s.web.servlet.DispatcherServlet        : Initializing Servlet 'dispatcherServlet'
2025-06-09T16:47:39.715-04:00  INFO 5572 --- [alojamiento] [http-nio-8080-exec-1] o.s.web.servlet.DispatcherServlet        : Completed initialization in 5 ms
2025-06-09T16:50:02.333-04:00  INFO 5572 --- [alojamiento] [http-nio-8080-exec-7] o.springdoc.api.AbstractOpenApiResource  : Init duration for springdoc-openapi is: 1142 ms
